🎌 Tabiji webhook server running on http://127.0.0.1:8787
🎌 NEW ORDER: Test City for test@test.com ($1.00)
🎌 Tabiji webhook server running on http://127.0.0.1:8787
🎌 NEW ORDER: Mexico City for bernard.j.huang@gmail.com ($1.00)
🎌 Tabiji webhook server running on http://127.0.0.1:8787
🎌 NEW ORDER: Mexico City for bernard.j.huang@gmail.com (free)
🎌 Tabiji webhook server running on http://127.0.0.1:8787
🎌 NEW ORDER: Nosara, Costa Rica for bernardjhuang+tabiji@gmail.com (free)
🎌 Tabiji webhook server running on http://127.0.0.1:8787
🎌 Tabiji webhook server running on http://127.0.0.1:8787
🎌 NEW ORDER: Jackson Hole, Wyoming for rebecca.leung671@gmail.com (free)
Wake event [200]: {"ok":true,"mode":"now"}
🎌 Tabiji webhook server running on http://127.0.0.1:8787
🎌 Tabiji webhook server running on http://127.0.0.1:8787
🎌 Tabiji webhook server running on http://127.0.0.1:8787
🎌 Tabiji webhook server running on http://127.0.0.1:8787
🎌 NEW ORDER: Hsinchu, North District, Hsinchu City, Taiwan for bernard.j.huang@gmail.com (free)
🎌 Tabiji webhook server running on http://127.0.0.1:8787
🎌 Tabiji webhook server running on http://127.0.0.1:8787
🎌 Received SIGTERM, shutting down gracefully...
🎌 Tabiji webhook server running on http://127.0.0.1:8787
🎌 NEW ORDER: Berlin, Germany for bernardjhuang+tabiji@gmail.com (free)
Wake event [200]: {"ok":true,"mode":"now"}
🎌 NEW ORDER: Niseko, Hokkaido, Japan for bernard@clearscope.io (free)
Wake event [200]: {"ok":true,"mode":"now"}
🎌 NEW ORDER: Dallas, TX, USA for bernard.j.huang@gmail.com (free)
Wake event [200]: {"ok":true,"mode":"now"}
🎌 NEW ORDER: Dublin, Ireland for shopping@babyaligators.com (free)
Wake event [200]: {"ok":true,"mode":"now"}
🎌 NEW ORDER: Namibia for johannes.berthold.mail@gmail.com (free)
Wake event [200]: {"ok":true,"mode":"now"}
🎌 NEW ORDER: Banff, AB, Canada for chinna0312@gmail.com (free)
Wake event [200]: {"ok":true,"mode":"now"}
🎌 NEW ORDER: Taipei, Taiwan for janefutotausagi@gmail.com (free)
Wake event [200]: {"ok":true,"mode":"now"}
🎌 NEW ORDER: Taormina, Metropolitan City of Messina, Italy for bernard.j.huang@gmail.com (free)
Wake event [200]: {"ok":true,"mode":"now"}
🎌 NEW ORDER: Guanacaste Province, Nosara, Costa Rica for bernard.j.huang@gmail.com (free)
Wake event [200]: {"ok":true,"mode":"now"}
🎌 NEW ORDER: Whistler, BC, Canada for bernard.j.huang+whistler@gmail.com (free)
Wake event [200]: {"ok":true,"mode":"now"}
🎌 NEW ORDER: Kuala Lumpur, Federal Territory of Kuala Lumpur, Malaysia for bernard.j.huang@gmail.com (free)
Wake event [200]: {"ok":true,"mode":"now"}
🎌 NEW ORDER: Nantucket, MA, USA for bernardjhuang@gmail.com (free)
Wake event [200]: {"ok":true,"mode":"now"}
🎌 NEW ORDER: Cape Town, South Africa for ns@marketingog.com (free)
Wake event [200]: {"ok":true,"mode":"now"}
🎌 NEW ORDER: Lanzarote, Spain for casabeccaescapes@gmail.com (free)
Wake event [200]: {"ok":true,"mode":"now"}
🎌 Tabiji webhook server running on http://127.0.0.1:8787
🎌 Received SIGTERM, shutting down gracefully...
🎌 Tabiji webhook server running on http://127.0.0.1:8787
🎌 NEW ORDER: Banff, AB, Canada for bernard.j.huang@gmail.com (free)
Wake event [200]: {"ok":true,"mode":"now"}
🎌 NEW ORDER: Philadelphia, PA, USA for bernard.j.huang@gmail.com (free)
Wake event [200]: {"ok":true,"mode":"now"}
🎌 NEW ORDER: patagonia argentina for bernard.j.huang@gmail.com (free)
Wake event [200]: {"ok":true,"mode":"now"}
🎌 NEW ORDER: Vail, CO, USA for bernard.j.huang@gmail.com (free)
Wake event [200]: {"ok":true,"mode":"now"}
🎌 NEW ORDER: Lima, Peru for bernard.j.huang@gmail.com (free)
Wake event [200]: {"ok":true,"mode":"now"}
🎌 NEW ORDER: San Francisco, CA, USA for bernard.j.huang@gmail.com (free)
Wake event [200]: {"ok":true,"mode":"now"}
🎌 NEW ORDER: Seattle, WA, USA for bernard.j.huang@gmail.com (free)
Wake event [200]: {"ok":true,"mode":"now"}
🎌 Received SIGTERM, shutting down gracefully...
🎌 Tabiji webhook server running on http://127.0.0.1:8787
🎌 Received SIGTERM, shutting down gracefully...
🎌 Tabiji webhook server running on http://127.0.0.1:8787
🎌 Received SIGTERM, shutting down gracefully...
🎌 Tabiji webhook server running on http://127.0.0.1:8787
🎌 Received SIGTERM, shutting down gracefully...
🎌 Tabiji webhook server running on http://127.0.0.1:8787
🎌 NEW ORDER: Cairo, Egypt for psyduckler@gmail.com (free)
Wake [200]: {"ok":true,"mode":"now"}
🎌 NEW ORDER: Shanghai, China for thomas.ezan@gmail.com (free)
Wake [200]: {"ok":true,"mode":"now"}
🎌 NEW ORDER: Ulan Bator, Mongolia for psyduckler@gmail.com (free)
Wake [200]: {"ok":true,"mode":"now"}
🎌 NEW ORDER: Anchorage, AK, USA for psyduckler@gmail.com (free)
Wake [200]: {"ok":true,"mode":"now"}
🎌 NEW ORDER: Toronto, ON, Canada for psyduckler@gmail.com (free)
Wake [200]: {"ok":true,"mode":"now"}
🎌 NEW ORDER: Santorini, Greece for psyduckler@gmail.com (free)
Wake [200]: {"ok":true,"mode":"now"}
🎌 NEW ORDER: Taos, NM, USA for psyduckler@gmail.com (free)
Wake [200]: {"ok":true,"mode":"now"}
🎌 NEW ORDER: Miami, FL, USA for psyduckler@gmail.com (free)
Wake [200]: {"ok":true,"mode":"now"}
🎌 Received SIGTERM, shutting down gracefully...
🎌 Tabiji webhook server running on http://127.0.0.1:8787
🎌 NEW ORDER: Vancouver, BC, Canada for psyduckler@gmail.com (free)
Agent [400]: {"ok":false,"error":"sessionKey is disabled for external /hooks/agent payloads; set hooks.allowRequestSessionKey=true to enable"}
🎌 NEW ORDER: Marrakesh, Morocco for psyduckler@gmail.com (free)
Agent [400]: {"ok":false,"error":"sessionKey is disabled for external /hooks/agent payloads; set hooks.allowRequestSessionKey=true to enable"}
🎌 NEW ORDER: Detroit, MI, USA for psyduckler@gmail.com (free)
Agent [400]: {"ok":false,"error":"sessionKey is disabled for external /hooks/agent payloads; set hooks.allowRequestSessionKey=true to enable"}
🎌 NEW ORDER: Hanoi, Vietnam for psyduckler@gmail.com (free)
Agent [400]: {"ok":false,"error":"sessionKey is disabled for external /hooks/agent payloads; set hooks.allowRequestSessionKey=true to enable"}
🎌 NEW ORDER: Kiev, Ukraine for psyduckler@gmail.com (free)
Agent [400]: {"ok":false,"error":"sessionKey is disabled for external /hooks/agent payloads; set hooks.allowRequestSessionKey=true to enable"}
🎌 NEW ORDER: Chiang Mai, Mueang Chiang Mai District, Chiang Mai, Thailand for psyduckler@gmail.com (free)
Agent [400]: {"ok":false,"error":"sessionKey is disabled for external /hooks/agent payloads; set hooks.allowRequestSessionKey=true to enable"}
🎌 NEW ORDER: London, UK for bernard.j.huang@gmail.com (free)
Agent [202]: {"ok":true,"runId":"9de2e8a6-56c3-4c84-b363-de5876d02506"}
🎌 NEW ORDER: Melbourne VIC, Australia for bernard.j.huang@gmail.com (free)
Agent [202]: {"ok":true,"runId":"7d80c345-ab86-43d5-894d-b0c4adfad89e"}
🎌 NEW ORDER: Boston, MA, USA for bernard.j.huang@gmail.com (free)
Agent [202]: {"ok":true,"runId":"0e81ff52-7076-476b-8971-f5ac1b6f994b"}
🎌 NEW ORDER: Kaohsiung, Gushan District, Kaohsiung City, Taiwan for bernard.j.huang@gmail.com (free)
Agent [202]: {"ok":true,"runId":"11185a28-edb3-4b31-b94c-8acf266df5f6"}
🎌 NEW ORDER: Denver, CO, USA for bernard.j.huang@gmail.com (free)
Agent [202]: {"ok":true,"runId":"9a852ee2-0bb5-43fe-98b6-f34ea655c4c2"}
🎌 NEW ORDER: da nang for biz@localhotels.com (free)
Agent [202]: {"ok":true,"runId":"db42932b-9cbf-4571-b16f-a296203b3a9c"}
🎌 NEW ORDER: Hawaiian Paradise Park, HI, USA for bernard.j.huang@gmail.com (free)
Agent [202]: {"ok":true,"runId":"d0d78b75-40e1-4f44-9f2b-de5f9398af7e"}
🎌 NEW ORDER: Lisbon, Portugal for bernard.j.huang@gmail.com (free)
Agent [202]: {"ok":true,"runId":"c8811750-6aad-4d17-80ba-26d29667298c"}
🎌 Tabiji webhook server running on http://127.0.0.1:8787
🎌 Received SIGTERM, shutting down gracefully...
🎌 Tabiji webhook server running on http://127.0.0.1:8787
🎌 NEW ORDER: Willamette Valley for psyduckler@gmail.com (free)
Agent [202]: {"ok":true,"runId":"645d14f2-2f8a-4bb0-8e09-6adc1b404928"}
🎌 NEW ORDER: Trinidad for psyduckler@gmail.com (free)
Agent [202]: {"ok":true,"runId":"25671a86-5e19-412c-8a83-1e5af9f6f6ae"}
